<?xml version="1.0" encoding="UTF-8"?>
<!-- Generated by org.testng.reporters.JUnitReportReporter -->
<testsuite hostname="LAPTOP-6KLAAC9R" failures="0" tests="1" name="test.AddToCartTest" time="27.622" errors="0" timestamp="2024-07-19T16:14:06 IST" skipped="0">
  <testcase classname="test.AddToCartTest" name="addCart" time="27.622"/>
  <system-out/>
</testsuite> <!-- test.AddToCartTest -->
