<?xml version="1.0" encoding="UTF-8"?>
<!-- Generated by org.testng.reporters.JUnitReportReporter -->
<testsuite hostname="LAPTOP-6KLAAC9R" failures="0" tests="1" name="test.SigninTest" time="21.148" errors="0" timestamp="2024-07-19T15:59:14 IST" skipped="0">
  <testcase classname="test.SigninTest" name="signinTest" time="21.148"/>
  <system-out/>
</testsuite> <!-- test.SigninTest -->
