<?xml version="1.0" encoding="UTF-8"?>
<!-- Generated by org.testng.reporters.JUnitReportReporter -->
<testsuite hostname="LAPTOP-6KLAAC9R" failures="0" tests="1" name="test.ShopByBrandTest" time="45.203" errors="0" timestamp="2024-07-19T17:09:11 IST" skipped="0">
  <testcase classname="test.ShopByBrandTest" name="shopByBrand" time="45.203"/>
  <system-out/>
</testsuite> <!-- test.ShopByBrandTest -->
