<?xml version="1.0" encoding="UTF-8"?>
<!-- Generated by org.testng.reporters.JUnitReportReporter -->
<testsuite hostname="LAPTOP-6KLAAC9R" failures="0" tests="1" name="test.ShopByDepartTest" time="38.485" errors="0" timestamp="2024-07-19T16:54:01 IST" skipped="0">
  <testcase classname="test.ShopByDepartTest" name="shopByDepart" time="38.485"/>
  <system-out/>
</testsuite> <!-- test.ShopByDepartTest -->
